<?xml version="1.0" encoding="UTF-8"?>
<!-- Generated by org.testng.reporters.JUnitReportReporter -->
<testsuite hostname="Shaikshavali" failures="0" tests="1" name="com.testng.HeadlessTesting" time="15.598" errors="0" timestamp="2023-12-12T17:38:53 IST" skipped="0">
  <testcase classname="com.testng.HeadlessTesting" name="runTest" time="15.598"/>
  <system-out/>
</testsuite> <!-- com.testng.HeadlessTesting -->
