<?xml version="1.0" encoding="UTF-8"?>
<!-- Generated by org.testng.reporters.JUnitReportReporter -->
<testsuite hostname="Shaikshavali" failures="0" tests="1" name="com.testng.SSLCertificateprogram" time="4.602" errors="0" timestamp="2023-12-12T14:11:10 IST" skipped="0">
  <testcase classname="com.testng.SSLCertificateprogram" name="run" time="4.602"/>
  <system-out/>
</testsuite> <!-- com.testng.SSLCertificateprogram -->
