<?xml version="1.0" encoding="UTF-8"?>
<!-- Generated by org.testng.reporters.JUnitReportReporter -->
<testsuite hostname="Shaikshavali" failures="0" tests="1" name="com.testng.MouseOver" time="4.960" errors="0" timestamp="2023-12-16T13:32:53 IST" skipped="0">
  <testcase classname="com.testng.MouseOver" name="mouseover" time="4.960"/>
  <system-out/>
</testsuite> <!-- com.testng.MouseOver -->
