<?xml version="1.0" encoding="UTF-8"?>
<!-- Generated by org.testng.reporters.JUnitReportReporter -->
<testsuite hostname="Shaikshavali" failures="0" tests="1" name="com.testng.CaptureScreenshot" time="1.051" errors="0" timestamp="2023-12-12T16:54:59 IST" skipped="0">
  <testcase classname="com.testng.CaptureScreenshot" name="runTest" time="1.051"/>
  <system-out/>
</testsuite> <!-- com.testng.CaptureScreenshot -->
