<?xml version="1.0" encoding="UTF-8"?>
<!-- Generated by org.testng.reporters.JUnitReportReporter -->
<testsuite hostname="Shaikshavali" failures="0" tests="1" name="com.testng.TestDemo" time="3.649" errors="0" timestamp="2023-12-12T14:11:10 IST" skipped="0">
  <testcase classname="com.testng.TestDemo" name="runtest" time="3.649"/>
  <system-out/>
</testsuite> <!-- com.testng.TestDemo -->
