<?xml version="1.0" encoding="UTF-8"?>
<!-- Generated by org.testng.reporters.JUnitReportReporter -->
<testsuite hostname="Shaikshavali" failures="0" tests="1" name="com.testng.MouseRightClick" time="1.875" errors="0" timestamp="2023-12-16T13:06:33 IST" skipped="0">
  <testcase classname="com.testng.MouseRightClick" name="rightclick" time="1.875"/>
  <system-out/>
</testsuite> <!-- com.testng.MouseRightClick -->
