<?xml version="1.0" encoding="UTF-8"?>
<!-- Generated by org.testng.reporters.JUnitReportReporter -->
<testsuite hostname="Shaikshavali" failures="0" tests="1" name="com.testng.MouseClickAndHold" time="3.597" errors="0" timestamp="2023-12-16T12:22:33 IST" skipped="0">
  <testcase classname="com.testng.MouseClickAndHold" name="clickandhold" time="3.597"/>
  <system-out/>
</testsuite> <!-- com.testng.MouseClickAndHold -->
