<?xml version="1.0" encoding="UTF-8"?>
<!-- Generated by org.testng.reporters.JUnitReportReporter -->
<testsuite hostname="Shaikshavali" failures="0" tests="1" name="com.testng.Checkboxes" time="0.570" errors="0" timestamp="2023-12-12T14:58:08 IST" skipped="0">
  <testcase classname="com.testng.Checkboxes" name="testRun" time="0.570"/>
  <system-out/>
</testsuite> <!-- com.testng.Checkboxes -->
