<?xml version="1.0" encoding="UTF-8"?>
<!-- Generated by org.testng.reporters.JUnitReportReporter -->
<testsuite hostname="Shaikshavali" failures="0" tests="1" name="com.sele.Githubtest" time="3.994" errors="0" timestamp="2024-03-28T16:35:28 IST" skipped="0">
  <testcase classname="com.sele.Githubtest" name="test1" time="3.994"/>
  <system-out/>
</testsuite> <!-- com.sele.Githubtest -->
