<?xml version="1.0" encoding="UTF-8"?>
<!-- Generated by org.testng.reporters.JUnitReportReporter -->
<testsuite hostname="Shaikshavali" failures="0" tests="1" name="com.testng.DragAndDrop" time="19.166" errors="0" timestamp="2024-02-20T21:51:15 IST" skipped="0">
  <testcase classname="com.testng.DragAndDrop" name="draganadrop" time="19.166"/>
  <system-out/>
</testsuite> <!-- com.testng.DragAndDrop -->
