<?xml version="1.0" encoding="UTF-8"?>
<!-- Generated by org.testng.reporters.JUnitReportReporter -->
<testsuite hostname="Shaikshavali" failures="0" tests="1" name="com.testng.Alertsdemo" time="17.185" errors="0" timestamp="2024-02-20T15:52:02 IST" skipped="0">
  <testcase classname="com.testng.Alertsdemo" name="alert" time="17.185"/>
  <system-out/>
</testsuite> <!-- com.testng.Alertsdemo -->
