<?xml version="1.0" encoding="UTF-8"?>
<!-- Generated by org.testng.reporters.JUnitReportReporter -->
<testsuite hostname="Shaikshavali" failures="0" tests="1" name="com.testng.TestDemo" time="5.293" errors="0" timestamp="2024-02-20T15:08:54 IST" skipped="0">
  <testcase classname="com.testng.TestDemo" name="runtest" time="5.293"/>
  <system-out/>
</testsuite> <!-- com.testng.TestDemo -->
